<?xml version="1.0" encoding="UTF-8"?>
<testng-results skipped="0" failed="0" total="1" passed="1">
  <reporter-output>
  </reporter-output>
  <suite name="Default suite" duration-ms="34191" started-at="2016-07-27T06:13:09Z" finished-at="2016-07-27T06:13:43Z">
    <groups>
    </groups>
    <test name="Default test" duration-ms="34191" started-at="2016-07-27T06:13:09Z" finished-at="2016-07-27T06:13:43Z">
      <class name="com.seleniumexercise.HandlingDropDown">
        <test-method status="PASS" signature="setUp()[pri:0, instance:com.seleniumexercise.HandlingDropDown@ee920]" name="setUp" is-config="true" duration-ms="5448" started-at="2016-07-27T11:43:09Z" finished-at="2016-07-27T11:43:15Z">
          <reporter-output>
          </reporter-output>
        </test-method> <!-- setUp -->
        <test-method status="PASS" signature="testSelectFunctionality()[pri:0, instance:com.seleniumexercise.HandlingDropDown@ee920]" name="testSelectFunctionality" duration-ms="28145" started-at="2016-07-27T11:43:15Z" finished-at="2016-07-27T11:43:43Z">
          <reporter-output>
          </reporter-output>
        </test-method> <!-- testSelectFunctionality -->
        <test-method status="PASS" signature="tearDown()[pri:0, instance:com.seleniumexercise.HandlingDropDown@ee920]" name="tearDown" is-config="true" duration-ms="583" started-at="2016-07-27T11:43:43Z" finished-at="2016-07-27T11:43:43Z">
          <reporter-output>
          </reporter-output>
        </test-method> <!-- tearDown -->
      </class> <!-- com.seleniumexercise.HandlingDropDown -->
    </test> <!-- Default test -->
  </suite> <!-- Default suite -->
</testng-results>
